c:\users\haro7\desktop\c++ code a\dx9\debug\dx9.bsc
c:\users\haro7\desktop\c++ code a\dx9\debug\dx9.pdb
c:\users\haro7\desktop\c++ code a\dx9\debug\dx9.idb
c:\users\haro7\desktop\c++ code a\dx9\debug\dsutil.sbr
c:\users\haro7\desktop\c++ code a\dx9\debug\dxbase.sbr
c:\users\haro7\desktop\c++ code a\dx9\debug\dxfont.sbr
c:\users\haro7\desktop\c++ code a\dx9\debug\dxsprite.sbr
c:\users\haro7\desktop\c++ code a\dx9\debug\oggplayer.sbr
c:\users\haro7\desktop\c++ code a\dx9\debug\winconsole.sbr
c:\users\haro7\desktop\c++ code a\dx9\debug\winconsole.obj
c:\users\haro7\desktop\c++ code a\dx9\debug\oggplayer.obj
c:\users\haro7\desktop\c++ code a\dx9\debug\dxsprite.obj
c:\users\haro7\desktop\c++ code a\dx9\debug\dxfont.obj
c:\users\haro7\desktop\c++ code a\dx9\debug\dxbase.obj
c:\users\haro7\desktop\c++ code a\dx9\debug\dsutil.obj
c:\users\haro7\desktop\c++ code a\dx9\debug\dx9.lib
c:\users\haro7\desktop\c++ code a\dx9\.\debug\dx9.lib
c:\users\haro7\desktop\c++ code a\dx9\debug\dx9.tlog\bscmake.command.1.tlog
c:\users\haro7\desktop\c++ code a\dx9\debug\dx9.tlog\bscmake.read.1.tlog
c:\users\haro7\desktop\c++ code a\dx9\debug\dx9.tlog\bscmake.write.1.tlog
c:\users\haro7\desktop\c++ code a\dx9\debug\dx9.tlog\cl.command.1.tlog
c:\users\haro7\desktop\c++ code a\dx9\debug\dx9.tlog\cl.read.1.tlog
c:\users\haro7\desktop\c++ code a\dx9\debug\dx9.tlog\cl.write.1.tlog
c:\users\haro7\desktop\c++ code a\dx9\debug\dx9.tlog\lib-link.read.1.tlog
c:\users\haro7\desktop\c++ code a\dx9\debug\dx9.tlog\lib-link.write.1.tlog
c:\users\haro7\desktop\c++ code a\dx9\debug\dx9.tlog\lib.command.1.tlog
