c:\users\haro7\desktop\c++ code a\luagui\debug\luagui.bsc
c:\users\haro7\desktop\c++ code a\luagui\debug\luagui.pdb
c:\users\haro7\desktop\c++ code a\luagui\debug\luagui.idb
c:\users\haro7\desktop\c++ code a\luagui\debug\guibutton.sbr
c:\users\haro7\desktop\c++ code a\luagui\debug\guimanager.sbr
c:\users\haro7\desktop\c++ code a\luagui\debug\guiobject.sbr
c:\users\haro7\desktop\c++ code a\luagui\debug\guisprite.sbr
c:\users\haro7\desktop\c++ code a\luagui\debug\guitextfield.sbr
c:\users\haro7\desktop\c++ code a\luagui\debug\userinterface.sbr
c:\users\haro7\desktop\c++ code a\luagui\debug\userinterface.obj
c:\users\haro7\desktop\c++ code a\luagui\debug\guitextfield.obj
c:\users\haro7\desktop\c++ code a\luagui\debug\guisprite.obj
c:\users\haro7\desktop\c++ code a\luagui\debug\guiobject.obj
c:\users\haro7\desktop\c++ code a\luagui\debug\guimanager.obj
c:\users\haro7\desktop\c++ code a\luagui\debug\guibutton.obj
c:\users\haro7\desktop\c++ code a\luagui\debug\luagui.lib
c:\users\haro7\desktop\c++ code a\luagui\.\debug\luagui.lib
c:\users\haro7\desktop\c++ code a\luagui\debug\luagui.tlog\bscmake.command.1.tlog
c:\users\haro7\desktop\c++ code a\luagui\debug\luagui.tlog\bscmake.read.1.tlog
c:\users\haro7\desktop\c++ code a\luagui\debug\luagui.tlog\bscmake.write.1.tlog
c:\users\haro7\desktop\c++ code a\luagui\debug\luagui.tlog\cl.command.1.tlog
c:\users\haro7\desktop\c++ code a\luagui\debug\luagui.tlog\cl.read.1.tlog
c:\users\haro7\desktop\c++ code a\luagui\debug\luagui.tlog\cl.write.1.tlog
c:\users\haro7\desktop\c++ code a\luagui\debug\luagui.tlog\lib-link.read.1.tlog
c:\users\haro7\desktop\c++ code a\luagui\debug\luagui.tlog\lib-link.write.1.tlog
c:\users\haro7\desktop\c++ code a\luagui\debug\luagui.tlog\lib.command.1.tlog
