c:\users\haro7\desktop\c++ code a\lua\debug\lua.bsc
c:\users\haro7\desktop\c++ code a\lua\debug\lua.pdb
c:\users\haro7\desktop\c++ code a\lua\debug\lua.idb
c:\users\haro7\desktop\c++ code a\lua\debug\lapi.sbr
c:\users\haro7\desktop\c++ code a\lua\debug\lauxlib.sbr
c:\users\haro7\desktop\c++ code a\lua\debug\lbaselib.sbr
c:\users\haro7\desktop\c++ code a\lua\debug\lcode.sbr
c:\users\haro7\desktop\c++ code a\lua\debug\ldblib.sbr
c:\users\haro7\desktop\c++ code a\lua\debug\ldebug.sbr
c:\users\haro7\desktop\c++ code a\lua\debug\ldo.sbr
c:\users\haro7\desktop\c++ code a\lua\debug\ldump.sbr
c:\users\haro7\desktop\c++ code a\lua\debug\lfunc.sbr
c:\users\haro7\desktop\c++ code a\lua\debug\lgc.sbr
c:\users\haro7\desktop\c++ code a\lua\debug\liolib.sbr
c:\users\haro7\desktop\c++ code a\lua\debug\llex.sbr
c:\users\haro7\desktop\c++ code a\lua\debug\lmathlib.sbr
c:\users\haro7\desktop\c++ code a\lua\debug\lmem.sbr
c:\users\haro7\desktop\c++ code a\lua\debug\loadlib.sbr
c:\users\haro7\desktop\c++ code a\lua\debug\lobject.sbr
c:\users\haro7\desktop\c++ code a\lua\debug\lopcodes.sbr
c:\users\haro7\desktop\c++ code a\lua\debug\lparser.sbr
c:\users\haro7\desktop\c++ code a\lua\debug\lstate.sbr
c:\users\haro7\desktop\c++ code a\lua\debug\lstring.sbr
c:\users\haro7\desktop\c++ code a\lua\debug\lstring.obj
c:\users\haro7\desktop\c++ code a\lua\debug\lstate.obj
c:\users\haro7\desktop\c++ code a\lua\debug\lparser.obj
c:\users\haro7\desktop\c++ code a\lua\debug\lopcodes.obj
c:\users\haro7\desktop\c++ code a\lua\debug\lobject.obj
c:\users\haro7\desktop\c++ code a\lua\debug\loadlib.obj
c:\users\haro7\desktop\c++ code a\lua\debug\lmem.obj
c:\users\haro7\desktop\c++ code a\lua\debug\lmathlib.obj
c:\users\haro7\desktop\c++ code a\lua\debug\llex.obj
c:\users\haro7\desktop\c++ code a\lua\debug\liolib.obj
c:\users\haro7\desktop\c++ code a\lua\debug\lgc.obj
c:\users\haro7\desktop\c++ code a\lua\debug\lfunc.obj
c:\users\haro7\desktop\c++ code a\lua\debug\ldump.obj
c:\users\haro7\desktop\c++ code a\lua\debug\ldo.obj
c:\users\haro7\desktop\c++ code a\lua\debug\ldebug.obj
c:\users\haro7\desktop\c++ code a\lua\debug\ldblib.obj
c:\users\haro7\desktop\c++ code a\lua\debug\lcode.obj
c:\users\haro7\desktop\c++ code a\lua\debug\lbaselib.obj
c:\users\haro7\desktop\c++ code a\lua\debug\lauxlib.obj
c:\users\haro7\desktop\c++ code a\lua\debug\lapi.obj
c:\users\haro7\desktop\c++ code a\lua\debug\lstrlib.sbr
c:\users\haro7\desktop\c++ code a\lua\debug\ltable.sbr
c:\users\haro7\desktop\c++ code a\lua\debug\ltablib.sbr
c:\users\haro7\desktop\c++ code a\lua\debug\ltests.sbr
c:\users\haro7\desktop\c++ code a\lua\debug\ltm.sbr
c:\users\haro7\desktop\c++ code a\lua\debug\lundump.sbr
c:\users\haro7\desktop\c++ code a\lua\debug\lvm.sbr
c:\users\haro7\desktop\c++ code a\lua\debug\lzio.sbr
c:\users\haro7\desktop\c++ code a\lua\debug\lzio.obj
c:\users\haro7\desktop\c++ code a\lua\debug\lvm.obj
c:\users\haro7\desktop\c++ code a\lua\debug\lundump.obj
c:\users\haro7\desktop\c++ code a\lua\debug\ltm.obj
c:\users\haro7\desktop\c++ code a\lua\debug\ltests.obj
c:\users\haro7\desktop\c++ code a\lua\debug\ltablib.obj
c:\users\haro7\desktop\c++ code a\lua\debug\ltable.obj
c:\users\haro7\desktop\c++ code a\lua\debug\lstrlib.obj
c:\users\haro7\desktop\c++ code a\lua\debug\clua.sbr
c:\users\haro7\desktop\c++ code a\lua\debug\clua.obj
c:\users\haro7\desktop\c++ code a\lua\debug\lua.lib
c:\users\haro7\desktop\c++ code a\lua\.\debug\lua.lib
c:\users\haro7\desktop\c++ code a\lua\debug\lua.tlog\bscmake.command.1.tlog
c:\users\haro7\desktop\c++ code a\lua\debug\lua.tlog\bscmake.read.1.tlog
c:\users\haro7\desktop\c++ code a\lua\debug\lua.tlog\bscmake.write.1.tlog
c:\users\haro7\desktop\c++ code a\lua\debug\lua.tlog\cl.command.1.tlog
c:\users\haro7\desktop\c++ code a\lua\debug\lua.tlog\cl.read.1.tlog
c:\users\haro7\desktop\c++ code a\lua\debug\lua.tlog\cl.write.1.tlog
c:\users\haro7\desktop\c++ code a\lua\debug\lua.tlog\lib-link.read.1.tlog
c:\users\haro7\desktop\c++ code a\lua\debug\lua.tlog\lib-link.write.1.tlog
c:\users\haro7\desktop\c++ code a\lua\debug\lua.tlog\lib.command.1.tlog
